[debug] 2017-08-31 10:05:40.891352 [router.go:385] Dotweb:Router:RegisterRoute success [GET] [/del] [yulibaozi/controllers.(*UserController).Delete-fm]
[debug] 2017-08-31 10:05:40.958393 [router.go:385] Dotweb:Router:RegisterRoute success [GET] [/get] [yulibaozi/controllers.(*UserController).GetOne-fm]
[debug] 2017-08-31 10:05:40.963396 [group.go:79] Dotweb:Router:RegisterRoute success [GET] [/dotweb/debug/pprof/:key] [github.com/devfeel/dotweb.initPProf]
[debug] 2017-08-31 10:05:40.968402 [group.go:79] Dotweb:Router:RegisterRoute success [GET] [/dotweb/debug/freemem] [github.com/devfeel/dotweb.freeMemory]
[debug] 2017-08-31 10:05:40.977407 [group.go:79] Dotweb:Router:RegisterRoute success [GET] [/dotweb/state] [github.com/devfeel/dotweb.showServerState]
[debug] 2017-08-31 10:05:40.98241 [group.go:79] Dotweb:Router:RegisterRoute success [GET] [/dotweb/query/:key] [github.com/devfeel/dotweb.showQuery]
[debug] 2017-08-31 10:05:40.988414 [dotweb.go:291] Dotweb:ListenAndServe[:8080] begin
[debug] 2017-08-31 11:01:55.741474 [router.go:412] Dotweb:Router:RegisterRoute success [POST] [/post] [yulibaozi/controllers.(*UserController).InsetOrUpdate-fm]
[debug] 2017-08-31 11:01:55.748479 [router.go:385] Dotweb:Router:RegisterRoute success [GET] [/del] [yulibaozi/controllers.(*UserController).Delete-fm]
[debug] 2017-08-31 11:01:55.753484 [router.go:385] Dotweb:Router:RegisterRoute success [GET] [/get] [yulibaozi/controllers.(*UserController).GetOne-fm]
[debug] 2017-08-31 11:01:55.759489 [group.go:79] Dotweb:Router:RegisterRoute success [GET] [/dotweb/debug/pprof/:key] [github.com/devfeel/dotweb.initPProf]
[debug] 2017-08-31 11:01:55.766494 [group.go:79] Dotweb:Router:RegisterRoute success [GET] [/dotweb/debug/freemem] [github.com/devfeel/dotweb.freeMemory]
[debug] 2017-08-31 11:01:55.771494 [group.go:79] Dotweb:Router:RegisterRoute success [GET] [/dotweb/state] [github.com/devfeel/dotweb.showServerState]
[debug] 2017-08-31 11:01:55.777499 [group.go:79] Dotweb:Router:RegisterRoute success [GET] [/dotweb/query/:key] [github.com/devfeel/dotweb.showQuery]
[debug] 2017-08-31 11:01:55.784505 [dotweb.go:294] Dotweb:ListenAndServe[:8080] begin
[debug] 2017-08-31 11:05:41.533207 [router.go:385] Dotweb:Router:RegisterRoute success [GET] [/del] [yulibaozi/controllers.(*UserController).Delete-fm]
[debug] 2017-08-31 11:05:41.544212 [router.go:385] Dotweb:Router:RegisterRoute success [GET] [/get] [yulibaozi/controllers.(*UserController).GetOne-fm]
[debug] 2017-08-31 11:05:41.559223 [group.go:79] Dotweb:Router:RegisterRoute success [GET] [/dotweb/debug/pprof/:key] [github.com/devfeel/dotweb.initPProf]
[debug] 2017-08-31 11:05:41.565226 [group.go:79] Dotweb:Router:RegisterRoute success [GET] [/dotweb/debug/freemem] [github.com/devfeel/dotweb.freeMemory]
[debug] 2017-08-31 11:05:41.569228 [group.go:79] Dotweb:Router:RegisterRoute success [GET] [/dotweb/state] [github.com/devfeel/dotweb.showServerState]
[debug] 2017-08-31 11:05:41.57323 [group.go:79] Dotweb:Router:RegisterRoute success [GET] [/dotweb/query/:key] [github.com/devfeel/dotweb.showQuery]
[debug] 2017-08-31 11:05:41.578234 [dotweb.go:294] Dotweb:ListenAndServe[:8080] begin
[debug] 2017-08-31 11:56:42.796778 [router.go:385] Dotweb:Router:RegisterRoute success [GET] [/del] [yulibaozi/controllers.(*UserController).Delete-fm]
[debug] 2017-08-31 11:56:42.803783 [router.go:385] Dotweb:Router:RegisterRoute success [GET] [/get] [yulibaozi/controllers.(*UserController).GetOne-fm]
[debug] 2017-08-31 11:56:42.807785 [group.go:79] Dotweb:Router:RegisterRoute success [GET] [/dotweb/debug/pprof/:key] [github.com/devfeel/dotweb.initPProf]
[debug] 2017-08-31 11:56:42.81379 [group.go:79] Dotweb:Router:RegisterRoute success [GET] [/dotweb/debug/freemem] [github.com/devfeel/dotweb.freeMemory]
[debug] 2017-08-31 11:56:42.90385 [group.go:79] Dotweb:Router:RegisterRoute success [GET] [/dotweb/state] [github.com/devfeel/dotweb.showServerState]
[debug] 2017-08-31 11:56:42.907853 [group.go:79] Dotweb:Router:RegisterRoute success [GET] [/dotweb/query/:key] [github.com/devfeel/dotweb.showQuery]
[debug] 2017-08-31 11:56:42.911855 [dotweb.go:294] Dotweb:ListenAndServe[:8080] begin
[debug] 2017-08-31 11:59:21.343691 [router.go:385] Dotweb:Router:RegisterRoute success [GET] [/del] [yulibaozi/controllers.(*UserController).Delete-fm]
[debug] 2017-08-31 11:59:21.349696 [router.go:385] Dotweb:Router:RegisterRoute success [GET] [/get] [yulibaozi/controllers.(*UserController).GetOne-fm]
[debug] 2017-08-31 11:59:21.356699 [group.go:79] Dotweb:Router:RegisterRoute success [GET] [/dotweb/debug/pprof/:key] [github.com/devfeel/dotweb.initPProf]
[debug] 2017-08-31 11:59:21.361702 [group.go:79] Dotweb:Router:RegisterRoute success [GET] [/dotweb/debug/freemem] [github.com/devfeel/dotweb.freeMemory]
[debug] 2017-08-31 11:59:21.367707 [group.go:79] Dotweb:Router:RegisterRoute success [GET] [/dotweb/state] [github.com/devfeel/dotweb.showServerState]
[debug] 2017-08-31 11:59:21.37371 [group.go:79] Dotweb:Router:RegisterRoute success [GET] [/dotweb/query/:key] [github.com/devfeel/dotweb.showQuery]
[debug] 2017-08-31 11:59:21.377715 [dotweb.go:294] Dotweb:ListenAndServe[:8080] begin
[debug] 2017-08-31 17:06:17.424209 [router.go:385] Dotweb:Router:RegisterRoute success [GET] [/del] [yulibaozi/controllers.(*UserController).Delete-fm]
[debug] 2017-08-31 17:06:17.456229 [router.go:385] Dotweb:Router:RegisterRoute success [GET] [/get] [yulibaozi/controllers.(*UserController).GetOne-fm]
[debug] 2017-08-31 17:06:17.462233 [group.go:79] Dotweb:Router:RegisterRoute success [GET] [/dotweb/debug/pprof/:key] [github.com/devfeel/dotweb.initPProf]
[debug] 2017-08-31 17:06:17.467237 [group.go:79] Dotweb:Router:RegisterRoute success [GET] [/dotweb/debug/freemem] [github.com/devfeel/dotweb.freeMemory]
[debug] 2017-08-31 17:06:17.472242 [group.go:79] Dotweb:Router:RegisterRoute success [GET] [/dotweb/state] [github.com/devfeel/dotweb.showServerState]
[debug] 2017-08-31 17:06:17.477245 [group.go:79] Dotweb:Router:RegisterRoute success [GET] [/dotweb/query/:key] [github.com/devfeel/dotweb.showQuery]
[debug] 2017-08-31 17:06:17.483248 [dotweb.go:294] Dotweb:ListenAndServe[:8080] begin
[debug] 2017-08-31 17:16:06.89021 [router.go:385] Dotweb:Router:RegisterRoute success [GET] [/del] [yulibaozi/controllers.(*UserController).Delete-fm]
[debug] 2017-08-31 17:16:06.899215 [router.go:385] Dotweb:Router:RegisterRoute success [GET] [/get] [yulibaozi/controllers.(*UserController).GetOne-fm]
[debug] 2017-08-31 17:16:06.906219 [group.go:79] Dotweb:Router:RegisterRoute success [GET] [/dotweb/debug/pprof/:key] [github.com/devfeel/dotweb.initPProf]
[debug] 2017-08-31 17:16:06.914225 [group.go:79] Dotweb:Router:RegisterRoute success [GET] [/dotweb/debug/freemem] [github.com/devfeel/dotweb.freeMemory]
[debug] 2017-08-31 17:16:06.922233 [group.go:79] Dotweb:Router:RegisterRoute success [GET] [/dotweb/state] [github.com/devfeel/dotweb.showServerState]
[debug] 2017-08-31 17:16:06.928234 [group.go:79] Dotweb:Router:RegisterRoute success [GET] [/dotweb/query/:key] [github.com/devfeel/dotweb.showQuery]
[debug] 2017-08-31 17:16:06.933237 [dotweb.go:294] Dotweb:ListenAndServe[:8080] begin
[debug] 2017-08-31 17:25:53.389374 [router.go:412] Dotweb:Router:RegisterRoute success [POST] [/post] [yulibaozi/controllers.(*UserController).InsetOrUpdate-fm]
[debug] 2017-08-31 17:25:53.398381 [router.go:385] Dotweb:Router:RegisterRoute success [GET] [/del] [yulibaozi/controllers.(*UserController).Delete-fm]
[debug] 2017-08-31 17:25:53.405384 [router.go:385] Dotweb:Router:RegisterRoute success [GET] [/get] [yulibaozi/controllers.(*UserController).GetOne-fm]
[debug] 2017-08-31 17:25:53.412389 [group.go:79] Dotweb:Router:RegisterRoute success [GET] [/dotweb/debug/pprof/:key] [github.com/devfeel/dotweb.initPProf]
[debug] 2017-08-31 17:25:53.419394 [group.go:79] Dotweb:Router:RegisterRoute success [GET] [/dotweb/debug/freemem] [github.com/devfeel/dotweb.freeMemory]
[debug] 2017-08-31 17:25:53.424397 [group.go:79] Dotweb:Router:RegisterRoute success [GET] [/dotweb/state] [github.com/devfeel/dotweb.showServerState]
[debug] 2017-08-31 17:25:53.429401 [group.go:79] Dotweb:Router:RegisterRoute success [GET] [/dotweb/query/:key] [github.com/devfeel/dotweb.showQuery]
[debug] 2017-08-31 17:25:53.435405 [dotweb.go:294] Dotweb:ListenAndServe[:8080] begin
[debug] 2017-08-31 17:26:22.615506 [router.go:385] Dotweb:Router:RegisterRoute success [GET] [/del] [yulibaozi/controllers.(*UserController).Delete-fm]
[debug] 2017-08-31 17:26:22.623513 [router.go:385] Dotweb:Router:RegisterRoute success [GET] [/get] [yulibaozi/controllers.(*UserController).GetOne-fm]
[debug] 2017-08-31 17:26:22.628514 [group.go:79] Dotweb:Router:RegisterRoute success [GET] [/dotweb/debug/pprof/:key] [github.com/devfeel/dotweb.initPProf]
[debug] 2017-08-31 17:26:22.634519 [group.go:79] Dotweb:Router:RegisterRoute success [GET] [/dotweb/debug/freemem] [github.com/devfeel/dotweb.freeMemory]
[debug] 2017-08-31 17:26:22.640523 [group.go:79] Dotweb:Router:RegisterRoute success [GET] [/dotweb/state] [github.com/devfeel/dotweb.showServerState]
[debug] 2017-08-31 17:26:22.645526 [group.go:79] Dotweb:Router:RegisterRoute success [GET] [/dotweb/query/:key] [github.com/devfeel/dotweb.showQuery]
[debug] 2017-08-31 17:26:22.653532 [dotweb.go:294] Dotweb:ListenAndServe[:8080] begin
[debug] 2017-08-31 18:06:16.410164 [router.go:385] Dotweb:Router:RegisterRoute success [GET] [/del] [yulibaozi/controllers.(*UserController).Delete-fm]
[debug] 2017-08-31 18:06:16.414167 [router.go:385] Dotweb:Router:RegisterRoute success [GET] [/get] [yulibaozi/controllers.(*UserController).GetOne-fm]
[debug] 2017-08-31 18:06:16.42017 [group.go:79] Dotweb:Router:RegisterRoute success [GET] [/dotweb/debug/pprof/:key] [github.com/devfeel/dotweb.initPProf]
[debug] 2017-08-31 18:06:16.425174 [group.go:79] Dotweb:Router:RegisterRoute success [GET] [/dotweb/debug/freemem] [github.com/devfeel/dotweb.freeMemory]
[debug] 2017-08-31 18:06:16.430177 [group.go:79] Dotweb:Router:RegisterRoute success [GET] [/dotweb/state] [github.com/devfeel/dotweb.showServerState]
[debug] 2017-08-31 18:06:16.437181 [group.go:79] Dotweb:Router:RegisterRoute success [GET] [/dotweb/query/:key] [github.com/devfeel/dotweb.showQuery]
[debug] 2017-08-31 18:06:16.442184 [dotweb.go:294] Dotweb:ListenAndServe[:8080] begin
[debug] 2017-08-31 18:19:26.889108 [router.go:385] Dotweb:Router:RegisterRoute success [GET] [/del] [yulibaozi/controllers.(*UserController).Delete-fm]
[debug] 2017-08-31 18:19:26.897116 [router.go:385] Dotweb:Router:RegisterRoute success [GET] [/get] [yulibaozi/controllers.(*UserController).GetOne-fm]
[debug] 2017-08-31 18:19:26.903116 [group.go:79] Dotweb:Router:RegisterRoute success [GET] [/dotweb/debug/pprof/:key] [github.com/devfeel/dotweb.initPProf]
[debug] 2017-08-31 18:19:26.908122 [group.go:79] Dotweb:Router:RegisterRoute success [GET] [/dotweb/debug/freemem] [github.com/devfeel/dotweb.freeMemory]
[debug] 2017-08-31 18:19:26.913125 [group.go:79] Dotweb:Router:RegisterRoute success [GET] [/dotweb/state] [github.com/devfeel/dotweb.showServerState]
[debug] 2017-08-31 18:19:26.919129 [group.go:79] Dotweb:Router:RegisterRoute success [GET] [/dotweb/query/:key] [github.com/devfeel/dotweb.showQuery]
[debug] 2017-08-31 18:19:26.926132 [dotweb.go:294] Dotweb:ListenAndServe[:8080] begin
