[debug] 2017-08-30 18:02:36.275051 [group.go:79] Dotweb:Router:RegisterRoute success [GET] [/dotweb/debug/pprof/:key] [github.com/devfeel/dotweb.initPProf]
[debug] 2017-08-30 18:02:36.301068 [group.go:79] Dotweb:Router:RegisterRoute success [GET] [/dotweb/debug/freemem] [github.com/devfeel/dotweb.freeMemory]
[debug] 2017-08-30 18:02:36.307072 [group.go:79] Dotweb:Router:RegisterRoute success [GET] [/dotweb/state] [github.com/devfeel/dotweb.showServerState]
[debug] 2017-08-30 18:02:36.312076 [group.go:79] Dotweb:Router:RegisterRoute success [GET] [/dotweb/query/:key] [github.com/devfeel/dotweb.showQuery]
[debug] 2017-08-30 18:02:36.317079 [dotweb.go:291] Dotweb:ListenAndServe[:8080] begin
[debug] 2017-08-30 18:10:16.567989 [group.go:79] Dotweb:Router:RegisterRoute success [GET] [/dotweb/debug/pprof/:key] [github.com/devfeel/dotweb.initPProf]
[debug] 2017-08-30 18:10:16.574993 [group.go:79] Dotweb:Router:RegisterRoute success [GET] [/dotweb/debug/freemem] [github.com/devfeel/dotweb.freeMemory]
[debug] 2017-08-30 18:10:16.580997 [group.go:79] Dotweb:Router:RegisterRoute success [GET] [/dotweb/state] [github.com/devfeel/dotweb.showServerState]
[debug] 2017-08-30 18:10:16.587 [group.go:79] Dotweb:Router:RegisterRoute success [GET] [/dotweb/query/:key] [github.com/devfeel/dotweb.showQuery]
[debug] 2017-08-30 18:10:16.592005 [dotweb.go:291] Dotweb:ListenAndServe[:8080] begin
[debug] 2017-08-30 18:25:48.909955 [group.go:79] Dotweb:Router:RegisterRoute success [GET] [/dotweb/debug/pprof/:key] [github.com/devfeel/dotweb.initPProf]
[debug] 2017-08-30 18:25:48.91696 [group.go:79] Dotweb:Router:RegisterRoute success [GET] [/dotweb/debug/freemem] [github.com/devfeel/dotweb.freeMemory]
[debug] 2017-08-30 18:25:48.980003 [group.go:79] Dotweb:Router:RegisterRoute success [GET] [/dotweb/state] [github.com/devfeel/dotweb.showServerState]
[debug] 2017-08-30 18:25:48.986006 [group.go:79] Dotweb:Router:RegisterRoute success [GET] [/dotweb/query/:key] [github.com/devfeel/dotweb.showQuery]
[debug] 2017-08-30 18:25:48.99201 [dotweb.go:291] Dotweb:ListenAndServe[:8080] begin
[debug] 2017-08-30 21:06:03.036833 [group.go:79] Dotweb:Router:RegisterRoute success [GET] [/dotweb/debug/pprof/:key] [github.com/devfeel/dotweb.initPProf]
[debug] 2017-08-30 21:06:03.072663 [group.go:79] Dotweb:Router:RegisterRoute success [GET] [/dotweb/debug/freemem] [github.com/devfeel/dotweb.freeMemory]
[debug] 2017-08-30 21:06:03.083665 [group.go:79] Dotweb:Router:RegisterRoute success [GET] [/dotweb/state] [github.com/devfeel/dotweb.showServerState]
[debug] 2017-08-30 21:06:03.092674 [group.go:79] Dotweb:Router:RegisterRoute success [GET] [/dotweb/query/:key] [github.com/devfeel/dotweb.showQuery]
[debug] 2017-08-30 21:06:03.120427 [dotweb.go:291] Dotweb:ListenAndServe[:8080] begin
[debug] 2017-08-30 21:08:15.569651 [group.go:79] Dotweb:Router:RegisterRoute success [GET] [/dotweb/debug/pprof/:key] [github.com/devfeel/dotweb.initPProf]
[debug] 2017-08-30 21:08:15.580658 [group.go:79] Dotweb:Router:RegisterRoute success [GET] [/dotweb/debug/freemem] [github.com/devfeel/dotweb.freeMemory]
[debug] 2017-08-30 21:08:15.589665 [group.go:79] Dotweb:Router:RegisterRoute success [GET] [/dotweb/state] [github.com/devfeel/dotweb.showServerState]
[debug] 2017-08-30 21:08:15.599668 [group.go:79] Dotweb:Router:RegisterRoute success [GET] [/dotweb/query/:key] [github.com/devfeel/dotweb.showQuery]
[debug] 2017-08-30 21:08:15.608673 [dotweb.go:291] Dotweb:ListenAndServe[:8080] begin
[debug] 2017-08-30 21:31:52.454282 [router.go:412] Dotweb:Router:RegisterRoute success [POST] [/post] [yulibaozi/controllers.(*UserController).InsetOrUpdate-fm]
[debug] 2017-08-30 21:31:52.470794 [group.go:79] Dotweb:Router:RegisterRoute success [GET] [/dotweb/debug/pprof/:key] [github.com/devfeel/dotweb.initPProf]
[debug] 2017-08-30 21:31:52.479297 [group.go:79] Dotweb:Router:RegisterRoute success [GET] [/dotweb/debug/freemem] [github.com/devfeel/dotweb.freeMemory]
[debug] 2017-08-30 21:31:52.485304 [group.go:79] Dotweb:Router:RegisterRoute success [GET] [/dotweb/state] [github.com/devfeel/dotweb.showServerState]
[debug] 2017-08-30 21:31:52.490305 [group.go:79] Dotweb:Router:RegisterRoute success [GET] [/dotweb/query/:key] [github.com/devfeel/dotweb.showQuery]
[debug] 2017-08-30 21:31:52.495308 [dotweb.go:291] Dotweb:ListenAndServe[:8080] begin
[debug] 2017-08-30 21:49:55.200658 [group.go:79] Dotweb:Router:RegisterRoute success [GET] [/dotweb/debug/pprof/:key] [github.com/devfeel/dotweb.initPProf]
[debug] 2017-08-30 21:49:55.208663 [group.go:79] Dotweb:Router:RegisterRoute success [GET] [/dotweb/debug/freemem] [github.com/devfeel/dotweb.freeMemory]
[debug] 2017-08-30 21:49:55.214667 [group.go:79] Dotweb:Router:RegisterRoute success [GET] [/dotweb/state] [github.com/devfeel/dotweb.showServerState]
[debug] 2017-08-30 21:49:55.221171 [group.go:79] Dotweb:Router:RegisterRoute success [GET] [/dotweb/query/:key] [github.com/devfeel/dotweb.showQuery]
[debug] 2017-08-30 21:49:55.226675 [dotweb.go:291] Dotweb:ListenAndServe[:8080] begin
[debug] 2017-08-30 21:52:51.67589 [group.go:79] Dotweb:Router:RegisterRoute success [GET] [/dotweb/debug/pprof/:key] [github.com/devfeel/dotweb.initPProf]
[debug] 2017-08-30 21:52:51.680384 [group.go:79] Dotweb:Router:RegisterRoute success [GET] [/dotweb/debug/freemem] [github.com/devfeel/dotweb.freeMemory]
[debug] 2017-08-30 21:52:51.685888 [group.go:79] Dotweb:Router:RegisterRoute success [GET] [/dotweb/state] [github.com/devfeel/dotweb.showServerState]
[debug] 2017-08-30 21:52:51.690892 [group.go:79] Dotweb:Router:RegisterRoute success [GET] [/dotweb/query/:key] [github.com/devfeel/dotweb.showQuery]
[debug] 2017-08-30 21:52:51.696397 [dotweb.go:291] Dotweb:ListenAndServe[:8080] begin
[debug] 2017-08-30 21:55:00.489659 [group.go:79] Dotweb:Router:RegisterRoute success [GET] [/dotweb/debug/pprof/:key] [github.com/devfeel/dotweb.initPProf]
[debug] 2017-08-30 21:55:00.494164 [group.go:79] Dotweb:Router:RegisterRoute success [GET] [/dotweb/debug/freemem] [github.com/devfeel/dotweb.freeMemory]
[debug] 2017-08-30 21:55:00.501167 [group.go:79] Dotweb:Router:RegisterRoute success [GET] [/dotweb/state] [github.com/devfeel/dotweb.showServerState]
[debug] 2017-08-30 21:55:00.508171 [group.go:79] Dotweb:Router:RegisterRoute success [GET] [/dotweb/query/:key] [github.com/devfeel/dotweb.showQuery]
[debug] 2017-08-30 21:55:00.517678 [dotweb.go:291] Dotweb:ListenAndServe[:8080] begin
[debug] 2017-08-30 21:56:49.242527 [router.go:412] Dotweb:Router:RegisterRoute success [POST] [/post] [yulibaozi/controllers.(*UserController).InsetOrUpdate-fm]
[debug] 2017-08-30 21:56:49.254035 [group.go:79] Dotweb:Router:RegisterRoute success [GET] [/dotweb/debug/pprof/:key] [github.com/devfeel/dotweb.initPProf]
[debug] 2017-08-30 21:56:49.259038 [group.go:79] Dotweb:Router:RegisterRoute success [GET] [/dotweb/debug/freemem] [github.com/devfeel/dotweb.freeMemory]
[debug] 2017-08-30 21:56:49.265043 [group.go:79] Dotweb:Router:RegisterRoute success [GET] [/dotweb/state] [github.com/devfeel/dotweb.showServerState]
[debug] 2017-08-30 21:56:49.269044 [group.go:79] Dotweb:Router:RegisterRoute success [GET] [/dotweb/query/:key] [github.com/devfeel/dotweb.showQuery]
[debug] 2017-08-30 21:56:49.273548 [dotweb.go:291] Dotweb:ListenAndServe[:8080] begin
[debug] 2017-08-30 21:58:07.710906 [group.go:79] Dotweb:Router:RegisterRoute success [GET] [/dotweb/debug/pprof/:key] [github.com/devfeel/dotweb.initPProf]
[debug] 2017-08-30 21:58:07.715412 [group.go:79] Dotweb:Router:RegisterRoute success [GET] [/dotweb/debug/freemem] [github.com/devfeel/dotweb.freeMemory]
[debug] 2017-08-30 21:58:07.720913 [group.go:79] Dotweb:Router:RegisterRoute success [GET] [/dotweb/state] [github.com/devfeel/dotweb.showServerState]
[debug] 2017-08-30 21:58:07.725418 [group.go:79] Dotweb:Router:RegisterRoute success [GET] [/dotweb/query/:key] [github.com/devfeel/dotweb.showQuery]
[debug] 2017-08-30 21:58:07.729419 [dotweb.go:291] Dotweb:ListenAndServe[:8080] begin
[debug] 2017-08-30 22:01:28.332863 [group.go:79] Dotweb:Router:RegisterRoute success [GET] [/dotweb/debug/pprof/:key] [github.com/devfeel/dotweb.initPProf]
[debug] 2017-08-30 22:01:28.339367 [group.go:79] Dotweb:Router:RegisterRoute success [GET] [/dotweb/debug/freemem] [github.com/devfeel/dotweb.freeMemory]
[debug] 2017-08-30 22:01:28.34487 [group.go:79] Dotweb:Router:RegisterRoute success [GET] [/dotweb/state] [github.com/devfeel/dotweb.showServerState]
[debug] 2017-08-30 22:01:28.348873 [group.go:79] Dotweb:Router:RegisterRoute success [GET] [/dotweb/query/:key] [github.com/devfeel/dotweb.showQuery]
[debug] 2017-08-30 22:01:28.352876 [dotweb.go:291] Dotweb:ListenAndServe[:8080] begin
[debug] 2017-08-30 22:03:39.423834 [group.go:79] Dotweb:Router:RegisterRoute success [GET] [/dotweb/debug/pprof/:key] [github.com/devfeel/dotweb.initPProf]
[debug] 2017-08-30 22:03:39.429338 [group.go:79] Dotweb:Router:RegisterRoute success [GET] [/dotweb/debug/freemem] [github.com/devfeel/dotweb.freeMemory]
[debug] 2017-08-30 22:03:39.434342 [group.go:79] Dotweb:Router:RegisterRoute success [GET] [/dotweb/state] [github.com/devfeel/dotweb.showServerState]
[debug] 2017-08-30 22:03:39.441346 [group.go:79] Dotweb:Router:RegisterRoute success [GET] [/dotweb/query/:key] [github.com/devfeel/dotweb.showQuery]
[debug] 2017-08-30 22:03:39.445848 [dotweb.go:291] Dotweb:ListenAndServe[:8080] begin
[debug] 2017-08-30 22:08:47.536218 [router.go:412] Dotweb:Router:RegisterRoute success [POST] [/post] [yulibaozi/controllers.(*UserController).InsetOrUpdate-fm]
[debug] 2017-08-30 22:08:47.54122 [group.go:79] Dotweb:Router:RegisterRoute success [GET] [/dotweb/debug/pprof/:key] [github.com/devfeel/dotweb.initPProf]
[debug] 2017-08-30 22:08:47.546725 [group.go:79] Dotweb:Router:RegisterRoute success [GET] [/dotweb/debug/freemem] [github.com/devfeel/dotweb.freeMemory]
[debug] 2017-08-30 22:08:47.550727 [group.go:79] Dotweb:Router:RegisterRoute success [GET] [/dotweb/state] [github.com/devfeel/dotweb.showServerState]
[debug] 2017-08-30 22:08:47.554732 [group.go:79] Dotweb:Router:RegisterRoute success [GET] [/dotweb/query/:key] [github.com/devfeel/dotweb.showQuery]
[debug] 2017-08-30 22:08:47.560733 [dotweb.go:291] Dotweb:ListenAndServe[:8080] begin
[debug] 2017-08-30 22:11:06.048169 [group.go:79] Dotweb:Router:RegisterRoute success [GET] [/dotweb/debug/pprof/:key] [github.com/devfeel/dotweb.initPProf]
[debug] 2017-08-30 22:11:06.053172 [group.go:79] Dotweb:Router:RegisterRoute success [GET] [/dotweb/debug/freemem] [github.com/devfeel/dotweb.freeMemory]
[debug] 2017-08-30 22:11:06.057676 [group.go:79] Dotweb:Router:RegisterRoute success [GET] [/dotweb/state] [github.com/devfeel/dotweb.showServerState]
[debug] 2017-08-30 22:11:06.063179 [group.go:79] Dotweb:Router:RegisterRoute success [GET] [/dotweb/query/:key] [github.com/devfeel/dotweb.showQuery]
[debug] 2017-08-30 22:11:06.067181 [dotweb.go:291] Dotweb:ListenAndServe[:8080] begin
[debug] 2017-08-30 22:11:11.868159 [group.go:79] Dotweb:Router:RegisterRoute success [GET] [/dotweb/debug/pprof/:key] [github.com/devfeel/dotweb.initPProf]
[debug] 2017-08-30 22:11:11.880167 [group.go:79] Dotweb:Router:RegisterRoute success [GET] [/dotweb/debug/freemem] [github.com/devfeel/dotweb.freeMemory]
[debug] 2017-08-30 22:11:11.889172 [group.go:79] Dotweb:Router:RegisterRoute success [GET] [/dotweb/state] [github.com/devfeel/dotweb.showServerState]
[debug] 2017-08-30 22:11:11.897178 [group.go:79] Dotweb:Router:RegisterRoute success [GET] [/dotweb/query/:key] [github.com/devfeel/dotweb.showQuery]
[debug] 2017-08-30 22:11:11.904683 [dotweb.go:291] Dotweb:ListenAndServe[:8080] begin
[debug] 2017-08-30 22:39:14.918639 [group.go:79] Dotweb:Router:RegisterRoute success [GET] [/dotweb/debug/pprof/:key] [github.com/devfeel/dotweb.initPProf]
[debug] 2017-08-30 22:39:14.924144 [group.go:79] Dotweb:Router:RegisterRoute success [GET] [/dotweb/debug/freemem] [github.com/devfeel/dotweb.freeMemory]
[debug] 2017-08-30 22:39:14.929146 [group.go:79] Dotweb:Router:RegisterRoute success [GET] [/dotweb/state] [github.com/devfeel/dotweb.showServerState]
[debug] 2017-08-30 22:39:14.933649 [group.go:79] Dotweb:Router:RegisterRoute success [GET] [/dotweb/query/:key] [github.com/devfeel/dotweb.showQuery]
[debug] 2017-08-30 22:39:14.940653 [dotweb.go:291] Dotweb:ListenAndServe[:8080] begin
[debug] 2017-08-30 22:43:55.26988 [router.go:412] Dotweb:Router:RegisterRoute success [POST] [/post] [yulibaozi/controllers.(*UserController).InsetOrUpdate-fm]
[debug] 2017-08-30 22:43:55.280388 [router.go:427] Dotweb:Router:RegisterRoute success [DELETE] [/del] [yulibaozi/controllers.(*UserController).Delete-fm]
[debug] 2017-08-30 22:43:55.287397 [group.go:79] Dotweb:Router:RegisterRoute success [GET] [/dotweb/debug/pprof/:key] [github.com/devfeel/dotweb.initPProf]
[debug] 2017-08-30 22:43:55.295905 [group.go:79] Dotweb:Router:RegisterRoute success [GET] [/dotweb/debug/freemem] [github.com/devfeel/dotweb.freeMemory]
[debug] 2017-08-30 22:43:55.302407 [group.go:79] Dotweb:Router:RegisterRoute success [GET] [/dotweb/state] [github.com/devfeel/dotweb.showServerState]
[debug] 2017-08-30 22:43:55.308912 [group.go:79] Dotweb:Router:RegisterRoute success [GET] [/dotweb/query/:key] [github.com/devfeel/dotweb.showQuery]
[debug] 2017-08-30 22:43:55.314415 [dotweb.go:291] Dotweb:ListenAndServe[:8080] begin
[debug] 2017-08-30 22:47:21.758325 [router.go:427] Dotweb:Router:RegisterRoute success [DELETE] [/del] [yulibaozi/controllers.(*UserController).Delete-fm]
[debug] 2017-08-30 22:47:21.764829 [group.go:79] Dotweb:Router:RegisterRoute success [GET] [/dotweb/debug/pprof/:key] [github.com/devfeel/dotweb.initPProf]
[debug] 2017-08-30 22:47:21.771335 [group.go:79] Dotweb:Router:RegisterRoute success [GET] [/dotweb/debug/freemem] [github.com/devfeel/dotweb.freeMemory]
[debug] 2017-08-30 22:47:21.777337 [group.go:79] Dotweb:Router:RegisterRoute success [GET] [/dotweb/state] [github.com/devfeel/dotweb.showServerState]
[debug] 2017-08-30 22:47:21.782342 [group.go:79] Dotweb:Router:RegisterRoute success [GET] [/dotweb/query/:key] [github.com/devfeel/dotweb.showQuery]
[debug] 2017-08-30 22:47:21.787344 [dotweb.go:291] Dotweb:ListenAndServe[:8080] begin
[debug] 2017-08-30 22:48:00.879813 [router.go:385] Dotweb:Router:RegisterRoute success [GET] [/del] [yulibaozi/controllers.(*UserController).Delete-fm]
[debug] 2017-08-30 22:48:00.886818 [group.go:79] Dotweb:Router:RegisterRoute success [GET] [/dotweb/debug/pprof/:key] [github.com/devfeel/dotweb.initPProf]
[debug] 2017-08-30 22:48:00.893822 [group.go:79] Dotweb:Router:RegisterRoute success [GET] [/dotweb/debug/freemem] [github.com/devfeel/dotweb.freeMemory]
[debug] 2017-08-30 22:48:00.898325 [group.go:79] Dotweb:Router:RegisterRoute success [GET] [/dotweb/state] [github.com/devfeel/dotweb.showServerState]
[debug] 2017-08-30 22:48:00.903831 [group.go:79] Dotweb:Router:RegisterRoute success [GET] [/dotweb/query/:key] [github.com/devfeel/dotweb.showQuery]
[debug] 2017-08-30 22:48:00.911834 [dotweb.go:291] Dotweb:ListenAndServe[:8080] begin
[debug] 2017-08-30 22:49:30.708162 [router.go:412] Dotweb:Router:RegisterRoute success [POST] [/post] [yulibaozi/controllers.(*UserController).InsetOrUpdate-fm]
[debug] 2017-08-30 22:49:30.716668 [router.go:385] Dotweb:Router:RegisterRoute success [GET] [/del] [yulibaozi/controllers.(*UserController).Delete-fm]
[debug] 2017-08-30 22:49:30.721171 [group.go:79] Dotweb:Router:RegisterRoute success [GET] [/dotweb/debug/pprof/:key] [github.com/devfeel/dotweb.initPProf]
[debug] 2017-08-30 22:49:30.726675 [group.go:79] Dotweb:Router:RegisterRoute success [GET] [/dotweb/debug/freemem] [github.com/devfeel/dotweb.freeMemory]
[debug] 2017-08-30 22:49:30.731178 [group.go:79] Dotweb:Router:RegisterRoute success [GET] [/dotweb/state] [github.com/devfeel/dotweb.showServerState]
[debug] 2017-08-30 22:49:30.735683 [group.go:79] Dotweb:Router:RegisterRoute success [GET] [/dotweb/query/:key] [github.com/devfeel/dotweb.showQuery]
[debug] 2017-08-30 22:49:30.739686 [dotweb.go:291] Dotweb:ListenAndServe[:8080] begin
[debug] 2017-08-30 22:53:27.548112 [router.go:385] Dotweb:Router:RegisterRoute success [GET] [/del] [yulibaozi/controllers.(*UserController).Delete-fm]
[debug] 2017-08-30 22:53:27.553113 [group.go:79] Dotweb:Router:RegisterRoute success [GET] [/dotweb/debug/pprof/:key] [github.com/devfeel/dotweb.initPProf]
[debug] 2017-08-30 22:53:27.561123 [group.go:79] Dotweb:Router:RegisterRoute success [GET] [/dotweb/debug/freemem] [github.com/devfeel/dotweb.freeMemory]
[debug] 2017-08-30 22:53:27.567127 [group.go:79] Dotweb:Router:RegisterRoute success [GET] [/dotweb/state] [github.com/devfeel/dotweb.showServerState]
[debug] 2017-08-30 22:53:27.571129 [group.go:79] Dotweb:Router:RegisterRoute success [GET] [/dotweb/query/:key] [github.com/devfeel/dotweb.showQuery]
[debug] 2017-08-30 22:53:27.577134 [dotweb.go:291] Dotweb:ListenAndServe[:8080] begin
[debug] 2017-08-30 22:54:06.213769 [router.go:412] Dotweb:Router:RegisterRoute success [POST] [/post] [yulibaozi/controllers.(*UserController).InsetOrUpdate-fm]
[debug] 2017-08-30 22:54:06.220773 [router.go:385] Dotweb:Router:RegisterRoute success [GET] [/del] [yulibaozi/controllers.(*UserController).Delete-fm]
[debug] 2017-08-30 22:54:06.225776 [group.go:79] Dotweb:Router:RegisterRoute success [GET] [/dotweb/debug/pprof/:key] [github.com/devfeel/dotweb.initPProf]
[debug] 2017-08-30 22:54:06.23078 [group.go:79] Dotweb:Router:RegisterRoute success [GET] [/dotweb/debug/freemem] [github.com/devfeel/dotweb.freeMemory]
[debug] 2017-08-30 22:54:06.236784 [group.go:79] Dotweb:Router:RegisterRoute success [GET] [/dotweb/state] [github.com/devfeel/dotweb.showServerState]
[debug] 2017-08-30 22:54:06.240786 [group.go:79] Dotweb:Router:RegisterRoute success [GET] [/dotweb/query/:key] [github.com/devfeel/dotweb.showQuery]
[debug] 2017-08-30 22:54:06.24679 [dotweb.go:291] Dotweb:ListenAndServe[:8080] begin
[debug] 2017-08-30 22:56:08.564968 [router.go:412] Dotweb:Router:RegisterRoute success [POST] [/post] [yulibaozi/controllers.(*UserController).InsetOrUpdate-fm]
[debug] 2017-08-30 22:56:08.573478 [router.go:385] Dotweb:Router:RegisterRoute success [GET] [/del] [yulibaozi/controllers.(*UserController).Delete-fm]
[debug] 2017-08-30 22:56:08.579482 [group.go:79] Dotweb:Router:RegisterRoute success [GET] [/dotweb/debug/pprof/:key] [github.com/devfeel/dotweb.initPProf]
[debug] 2017-08-30 22:56:08.584486 [group.go:79] Dotweb:Router:RegisterRoute success [GET] [/dotweb/debug/freemem] [github.com/devfeel/dotweb.freeMemory]
[debug] 2017-08-30 22:56:08.589489 [group.go:79] Dotweb:Router:RegisterRoute success [GET] [/dotweb/state] [github.com/devfeel/dotweb.showServerState]
[debug] 2017-08-30 22:56:08.594494 [group.go:79] Dotweb:Router:RegisterRoute success [GET] [/dotweb/query/:key] [github.com/devfeel/dotweb.showQuery]
[debug] 2017-08-30 22:56:08.599495 [dotweb.go:291] Dotweb:ListenAndServe[:8080] begin
[debug] 2017-08-30 22:58:53.457312 [router.go:385] Dotweb:Router:RegisterRoute success [GET] [/del] [yulibaozi/controllers.(*UserController).Delete-fm]
[debug] 2017-08-30 22:58:53.462315 [group.go:79] Dotweb:Router:RegisterRoute success [GET] [/dotweb/debug/pprof/:key] [github.com/devfeel/dotweb.initPProf]
[debug] 2017-08-30 22:58:53.467317 [group.go:79] Dotweb:Router:RegisterRoute success [GET] [/dotweb/debug/freemem] [github.com/devfeel/dotweb.freeMemory]
[debug] 2017-08-30 22:58:53.473334 [group.go:79] Dotweb:Router:RegisterRoute success [GET] [/dotweb/state] [github.com/devfeel/dotweb.showServerState]
[debug] 2017-08-30 22:58:53.480327 [group.go:79] Dotweb:Router:RegisterRoute success [GET] [/dotweb/query/:key] [github.com/devfeel/dotweb.showQuery]
[debug] 2017-08-30 22:58:53.485328 [dotweb.go:291] Dotweb:ListenAndServe[:8080] begin
[debug] 2017-08-30 23:19:22.809416 [router.go:385] Dotweb:Router:RegisterRoute success [GET] [/del] [yulibaozi/controllers.(*UserController).Delete-fm]
[debug] 2017-08-30 23:19:22.816422 [group.go:79] Dotweb:Router:RegisterRoute success [GET] [/dotweb/debug/pprof/:key] [github.com/devfeel/dotweb.initPProf]
[debug] 2017-08-30 23:19:22.823426 [group.go:79] Dotweb:Router:RegisterRoute success [GET] [/dotweb/debug/freemem] [github.com/devfeel/dotweb.freeMemory]
[debug] 2017-08-30 23:19:22.829429 [group.go:79] Dotweb:Router:RegisterRoute success [GET] [/dotweb/state] [github.com/devfeel/dotweb.showServerState]
[debug] 2017-08-30 23:19:22.835433 [group.go:79] Dotweb:Router:RegisterRoute success [GET] [/dotweb/query/:key] [github.com/devfeel/dotweb.showQuery]
[debug] 2017-08-30 23:19:22.840437 [dotweb.go:291] Dotweb:ListenAndServe[:8080] begin
[debug] 2017-08-30 23:19:39.349475 [router.go:385] Dotweb:Router:RegisterRoute success [GET] [/del] [yulibaozi/controllers.(*UserController).Delete-fm]
[debug] 2017-08-30 23:19:39.353479 [router.go:385] Dotweb:Router:RegisterRoute success [GET] [/get] [yulibaozi/controllers.(*UserController).GetOne-fm]
[debug] 2017-08-30 23:19:39.358482 [group.go:79] Dotweb:Router:RegisterRoute success [GET] [/dotweb/debug/pprof/:key] [github.com/devfeel/dotweb.initPProf]
[debug] 2017-08-30 23:19:39.362484 [group.go:79] Dotweb:Router:RegisterRoute success [GET] [/dotweb/debug/freemem] [github.com/devfeel/dotweb.freeMemory]
[debug] 2017-08-30 23:19:39.366488 [group.go:79] Dotweb:Router:RegisterRoute success [GET] [/dotweb/state] [github.com/devfeel/dotweb.showServerState]
[debug] 2017-08-30 23:19:39.371491 [group.go:79] Dotweb:Router:RegisterRoute success [GET] [/dotweb/query/:key] [github.com/devfeel/dotweb.showQuery]
[debug] 2017-08-30 23:19:39.375494 [dotweb.go:291] Dotweb:ListenAndServe[:8080] begin
[debug] 2017-08-30 23:24:32.918383 [router.go:385] Dotweb:Router:RegisterRoute success [GET] [/del] [yulibaozi/controllers.(*UserController).Delete-fm]
[debug] 2017-08-30 23:24:32.925388 [router.go:385] Dotweb:Router:RegisterRoute success [GET] [/get] [yulibaozi/controllers.(*UserController).GetOne-fm]
[debug] 2017-08-30 23:24:32.931394 [group.go:79] Dotweb:Router:RegisterRoute success [GET] [/dotweb/debug/pprof/:key] [github.com/devfeel/dotweb.initPProf]
[debug] 2017-08-30 23:24:32.937396 [group.go:79] Dotweb:Router:RegisterRoute success [GET] [/dotweb/debug/freemem] [github.com/devfeel/dotweb.freeMemory]
[debug] 2017-08-30 23:24:32.9434 [group.go:79] Dotweb:Router:RegisterRoute success [GET] [/dotweb/state] [github.com/devfeel/dotweb.showServerState]
[debug] 2017-08-30 23:24:32.947403 [group.go:79] Dotweb:Router:RegisterRoute success [GET] [/dotweb/query/:key] [github.com/devfeel/dotweb.showQuery]
[debug] 2017-08-30 23:24:32.952408 [dotweb.go:291] Dotweb:ListenAndServe[:8080] begin
