[debug] 2017-09-11 12:58:58.343732 [router.go:385] Dotweb:Router:RegisterRoute success [GET] [/del] [yulibaozi/controllers.(*UserController).Delete-fm]
[debug] 2017-09-11 12:58:58.344439 [router.go:385] Dotweb:Router:RegisterRoute success [GET] [/get] [yulibaozi/controllers.(*UserController).GetOne-fm]
[debug] 2017-09-11 12:58:58.344814 [router.go:385] Dotweb:Router:RegisterRoute success [GET] [/fileget] [yulibaozi/controllers.(*FileController).Show-fm]
[debug] 2017-09-11 12:58:58.344977 [router.go:412] Dotweb:Router:RegisterRoute success [POST] [/filepost] [yulibaozi/controllers.(*FileController).Insert-fm]
[debug] 2017-09-11 12:58:58.345222 [group.go:79] Dotweb:Router:RegisterRoute success [GET] [/dotweb/debug/pprof/:key] [github.com/devfeel/dotweb.initPProf]
[debug] 2017-09-11 12:58:58.345346 [group.go:79] Dotweb:Router:RegisterRoute success [GET] [/dotweb/debug/freemem] [github.com/devfeel/dotweb.freeMemory]
[debug] 2017-09-11 12:58:58.345624 [group.go:79] Dotweb:Router:RegisterRoute success [GET] [/dotweb/state] [github.com/devfeel/dotweb.showServerState]
[debug] 2017-09-11 12:58:58.345823 [group.go:79] Dotweb:Router:RegisterRoute success [GET] [/dotweb/query/:key] [github.com/devfeel/dotweb.showQuery]
[debug] 2017-09-11 12:58:58.345987 [dotweb.go:294] Dotweb:ListenAndServe[:8080] begin
[debug] 2017-09-11 13:04:32.678452 [router.go:385] Dotweb:Router:RegisterRoute success [GET] [/del] [yulibaozi/controllers.(*UserController).Delete-fm]
[debug] 2017-09-11 13:04:32.678668 [router.go:385] Dotweb:Router:RegisterRoute success [GET] [/get] [yulibaozi/controllers.(*UserController).GetOne-fm]
[debug] 2017-09-11 13:04:32.67887 [router.go:385] Dotweb:Router:RegisterRoute success [GET] [/fileget] [yulibaozi/controllers.(*FileController).Show-fm]
[debug] 2017-09-11 13:04:32.678935 [router.go:412] Dotweb:Router:RegisterRoute success [POST] [/filepost] [yulibaozi/controllers.(*FileController).Insert-fm]
[debug] 2017-09-11 13:04:32.678992 [group.go:79] Dotweb:Router:RegisterRoute success [GET] [/dotweb/debug/pprof/:key] [github.com/devfeel/dotweb.initPProf]
[debug] 2017-09-11 13:04:32.67904 [group.go:79] Dotweb:Router:RegisterRoute success [GET] [/dotweb/debug/freemem] [github.com/devfeel/dotweb.freeMemory]
[debug] 2017-09-11 13:04:32.679087 [group.go:79] Dotweb:Router:RegisterRoute success [GET] [/dotweb/state] [github.com/devfeel/dotweb.showServerState]
[debug] 2017-09-11 13:04:32.679134 [group.go:79] Dotweb:Router:RegisterRoute success [GET] [/dotweb/query/:key] [github.com/devfeel/dotweb.showQuery]
[debug] 2017-09-11 13:04:32.679181 [dotweb.go:294] Dotweb:ListenAndServe[:8080] begin
[debug] 2017-09-11 13:04:35.567378 [router.go:385] Dotweb:Router:RegisterRoute success [GET] [/del] [yulibaozi/controllers.(*UserController).Delete-fm]
[debug] 2017-09-11 13:04:35.567565 [router.go:385] Dotweb:Router:RegisterRoute success [GET] [/get] [yulibaozi/controllers.(*UserController).GetOne-fm]
[debug] 2017-09-11 13:04:35.56789 [router.go:385] Dotweb:Router:RegisterRoute success [GET] [/fileget] [yulibaozi/controllers.(*FileController).Show-fm]
[debug] 2017-09-11 13:04:35.56806 [router.go:412] Dotweb:Router:RegisterRoute success [POST] [/filepost] [yulibaozi/controllers.(*FileController).Insert-fm]
[debug] 2017-09-11 13:04:35.568267 [group.go:79] Dotweb:Router:RegisterRoute success [GET] [/dotweb/debug/pprof/:key] [github.com/devfeel/dotweb.initPProf]
[debug] 2017-09-11 13:04:35.568415 [group.go:79] Dotweb:Router:RegisterRoute success [GET] [/dotweb/debug/freemem] [github.com/devfeel/dotweb.freeMemory]
[debug] 2017-09-11 13:04:35.568646 [group.go:79] Dotweb:Router:RegisterRoute success [GET] [/dotweb/state] [github.com/devfeel/dotweb.showServerState]
[debug] 2017-09-11 13:04:35.568916 [group.go:79] Dotweb:Router:RegisterRoute success [GET] [/dotweb/query/:key] [github.com/devfeel/dotweb.showQuery]
[debug] 2017-09-11 13:04:35.569145 [dotweb.go:294] Dotweb:ListenAndServe[:8080] begin
[debug] 2017-09-11 13:05:40.122811 [router.go:385] Dotweb:Router:RegisterRoute success [GET] [/del] [yulibaozi/controllers.(*UserController).Delete-fm]
[debug] 2017-09-11 13:05:40.123085 [router.go:385] Dotweb:Router:RegisterRoute success [GET] [/get] [yulibaozi/controllers.(*UserController).GetOne-fm]
[debug] 2017-09-11 13:05:40.12433 [router.go:385] Dotweb:Router:RegisterRoute success [GET] [/fileget] [yulibaozi/controllers.(*FileController).Show-fm]
[debug] 2017-09-11 13:05:40.124609 [router.go:412] Dotweb:Router:RegisterRoute success [POST] [/filepost] [yulibaozi/controllers.(*FileController).Insert-fm]
[debug] 2017-09-11 13:05:40.124994 [group.go:79] Dotweb:Router:RegisterRoute success [GET] [/dotweb/debug/pprof/:key] [github.com/devfeel/dotweb.initPProf]
[debug] 2017-09-11 13:05:40.12523 [group.go:79] Dotweb:Router:RegisterRoute success [GET] [/dotweb/debug/freemem] [github.com/devfeel/dotweb.freeMemory]
[debug] 2017-09-11 13:05:40.12547 [group.go:79] Dotweb:Router:RegisterRoute success [GET] [/dotweb/state] [github.com/devfeel/dotweb.showServerState]
[debug] 2017-09-11 13:05:40.125629 [group.go:79] Dotweb:Router:RegisterRoute success [GET] [/dotweb/query/:key] [github.com/devfeel/dotweb.showQuery]
[debug] 2017-09-11 13:05:40.125821 [dotweb.go:294] Dotweb:ListenAndServe[:8080] begin
[debug] 2017-09-11 13:09:14.145649 [router.go:385] Dotweb:Router:RegisterRoute success [GET] [/del] [yulibaozi/controllers.(*UserController).Delete-fm]
[debug] 2017-09-11 13:09:14.145719 [router.go:385] Dotweb:Router:RegisterRoute success [GET] [/get] [yulibaozi/controllers.(*UserController).GetOne-fm]
[debug] 2017-09-11 13:09:14.14596 [router.go:385] Dotweb:Router:RegisterRoute success [GET] [/fileget] [yulibaozi/controllers.(*FileController).Show-fm]
[debug] 2017-09-11 13:09:14.146076 [router.go:412] Dotweb:Router:RegisterRoute success [POST] [/filepost] [yulibaozi/controllers.(*FileController).Insert-fm]
[debug] 2017-09-11 13:09:14.146146 [group.go:79] Dotweb:Router:RegisterRoute success [GET] [/dotweb/debug/pprof/:key] [github.com/devfeel/dotweb.initPProf]
[debug] 2017-09-11 13:09:14.146211 [group.go:79] Dotweb:Router:RegisterRoute success [GET] [/dotweb/debug/freemem] [github.com/devfeel/dotweb.freeMemory]
[debug] 2017-09-11 13:09:14.146277 [group.go:79] Dotweb:Router:RegisterRoute success [GET] [/dotweb/state] [github.com/devfeel/dotweb.showServerState]
[debug] 2017-09-11 13:09:14.146404 [group.go:79] Dotweb:Router:RegisterRoute success [GET] [/dotweb/query/:key] [github.com/devfeel/dotweb.showQuery]
[debug] 2017-09-11 13:09:14.146503 [dotweb.go:294] Dotweb:ListenAndServe[:8080] begin
[debug] 2017-09-11 13:10:52.090322 [router.go:385] Dotweb:Router:RegisterRoute success [GET] [/del] [yulibaozi/controllers.(*UserController).Delete-fm]
[debug] 2017-09-11 13:10:52.090807 [router.go:385] Dotweb:Router:RegisterRoute success [GET] [/get] [yulibaozi/controllers.(*UserController).GetOne-fm]
[debug] 2017-09-11 13:10:52.091032 [router.go:385] Dotweb:Router:RegisterRoute success [GET] [/fileget] [yulibaozi/controllers.(*FileController).Show-fm]
[debug] 2017-09-11 13:10:52.091244 [router.go:412] Dotweb:Router:RegisterRoute success [POST] [/filepost] [yulibaozi/controllers.(*FileController).Insert-fm]
[debug] 2017-09-11 13:10:52.091452 [group.go:79] Dotweb:Router:RegisterRoute success [GET] [/dotweb/debug/pprof/:key] [github.com/devfeel/dotweb.initPProf]
[debug] 2017-09-11 13:10:52.091722 [group.go:79] Dotweb:Router:RegisterRoute success [GET] [/dotweb/debug/freemem] [github.com/devfeel/dotweb.freeMemory]
[debug] 2017-09-11 13:10:52.091887 [group.go:79] Dotweb:Router:RegisterRoute success [GET] [/dotweb/state] [github.com/devfeel/dotweb.showServerState]
[debug] 2017-09-11 13:10:52.092123 [group.go:79] Dotweb:Router:RegisterRoute success [GET] [/dotweb/query/:key] [github.com/devfeel/dotweb.showQuery]
[debug] 2017-09-11 13:10:52.092351 [dotweb.go:294] Dotweb:ListenAndServe[:8080] begin
[debug] 2017-09-11 13:12:24.308988 [router.go:385] Dotweb:Router:RegisterRoute success [GET] [/del] [yulibaozi/controllers.(*UserController).Delete-fm]
[debug] 2017-09-11 13:12:24.309384 [router.go:385] Dotweb:Router:RegisterRoute success [GET] [/get] [yulibaozi/controllers.(*UserController).GetOne-fm]
[debug] 2017-09-11 13:12:24.309666 [router.go:385] Dotweb:Router:RegisterRoute success [GET] [/fileget] [yulibaozi/controllers.(*FileController).Show-fm]
[debug] 2017-09-11 13:12:24.309877 [router.go:412] Dotweb:Router:RegisterRoute success [POST] [/filepost] [yulibaozi/controllers.(*FileController).Insert-fm]
[debug] 2017-09-11 13:12:24.310097 [group.go:79] Dotweb:Router:RegisterRoute success [GET] [/dotweb/debug/pprof/:key] [github.com/devfeel/dotweb.initPProf]
[debug] 2017-09-11 13:12:24.310222 [group.go:79] Dotweb:Router:RegisterRoute success [GET] [/dotweb/debug/freemem] [github.com/devfeel/dotweb.freeMemory]
[debug] 2017-09-11 13:12:24.310326 [group.go:79] Dotweb:Router:RegisterRoute success [GET] [/dotweb/state] [github.com/devfeel/dotweb.showServerState]
[debug] 2017-09-11 13:12:24.310417 [group.go:79] Dotweb:Router:RegisterRoute success [GET] [/dotweb/query/:key] [github.com/devfeel/dotweb.showQuery]
[debug] 2017-09-11 13:12:24.310489 [dotweb.go:294] Dotweb:ListenAndServe[:8080] begin
[debug] 2017-09-11 13:27:06.288267 [router.go:385] Dotweb:Router:RegisterRoute success [GET] [/del] [yulibaozi/controllers.(*UserController).Delete-fm]
[debug] 2017-09-11 13:27:06.288515 [router.go:385] Dotweb:Router:RegisterRoute success [GET] [/get] [yulibaozi/controllers.(*UserController).GetOne-fm]
[debug] 2017-09-11 13:27:06.28862 [router.go:385] Dotweb:Router:RegisterRoute success [GET] [/fileget] [yulibaozi/controllers.(*FileController).Show-fm]
[debug] 2017-09-11 13:27:06.288704 [router.go:412] Dotweb:Router:RegisterRoute success [POST] [/filepost] [yulibaozi/controllers.(*FileController).Insert-fm]
[debug] 2017-09-11 13:27:06.288794 [group.go:79] Dotweb:Router:RegisterRoute success [GET] [/dotweb/debug/pprof/:key] [github.com/devfeel/dotweb.initPProf]
[debug] 2017-09-11 13:27:06.288874 [group.go:79] Dotweb:Router:RegisterRoute success [GET] [/dotweb/debug/freemem] [github.com/devfeel/dotweb.freeMemory]
[debug] 2017-09-11 13:27:06.288947 [group.go:79] Dotweb:Router:RegisterRoute success [GET] [/dotweb/state] [github.com/devfeel/dotweb.showServerState]
[debug] 2017-09-11 13:27:06.289011 [group.go:79] Dotweb:Router:RegisterRoute success [GET] [/dotweb/query/:key] [github.com/devfeel/dotweb.showQuery]
[debug] 2017-09-11 13:27:06.289082 [dotweb.go:294] Dotweb:ListenAndServe[:8080] begin
[debug] 2017-09-11 13:28:54.747426 [router.go:385] Dotweb:Router:RegisterRoute success [GET] [/del] [yulibaozi/controllers.(*UserController).Delete-fm]
[debug] 2017-09-11 13:28:54.747589 [router.go:385] Dotweb:Router:RegisterRoute success [GET] [/get] [yulibaozi/controllers.(*UserController).GetOne-fm]
[debug] 2017-09-11 13:28:54.74887 [router.go:385] Dotweb:Router:RegisterRoute success [GET] [/fileget] [yulibaozi/controllers.(*FileController).Show-fm]
[debug] 2017-09-11 13:28:54.749106 [router.go:412] Dotweb:Router:RegisterRoute success [POST] [/filepost] [yulibaozi/controllers.(*FileController).Insert-fm]
[debug] 2017-09-11 13:28:54.749314 [group.go:79] Dotweb:Router:RegisterRoute success [GET] [/dotweb/debug/pprof/:key] [github.com/devfeel/dotweb.initPProf]
[debug] 2017-09-11 13:28:54.749439 [group.go:79] Dotweb:Router:RegisterRoute success [GET] [/dotweb/debug/freemem] [github.com/devfeel/dotweb.freeMemory]
[debug] 2017-09-11 13:28:54.749661 [group.go:79] Dotweb:Router:RegisterRoute success [GET] [/dotweb/state] [github.com/devfeel/dotweb.showServerState]
[debug] 2017-09-11 13:28:54.749789 [group.go:79] Dotweb:Router:RegisterRoute success [GET] [/dotweb/query/:key] [github.com/devfeel/dotweb.showQuery]
[debug] 2017-09-11 13:28:54.750023 [dotweb.go:294] Dotweb:ListenAndServe[:8080] begin
[debug] 2017-09-11 13:33:44.190948 [router.go:385] Dotweb:Router:RegisterRoute success [GET] [/del] [yulibaozi/controllers.(*UserController).Delete-fm]
[debug] 2017-09-11 13:33:44.191182 [router.go:385] Dotweb:Router:RegisterRoute success [GET] [/get] [yulibaozi/controllers.(*UserController).GetOne-fm]
[debug] 2017-09-11 13:33:44.191373 [router.go:385] Dotweb:Router:RegisterRoute success [GET] [/fileget] [yulibaozi/controllers.(*FileController).Show-fm]
[debug] 2017-09-11 13:33:44.191623 [router.go:412] Dotweb:Router:RegisterRoute success [POST] [/filepost] [yulibaozi/controllers.(*FileController).Insert-fm]
[debug] 2017-09-11 13:33:44.191723 [group.go:79] Dotweb:Router:RegisterRoute success [GET] [/dotweb/debug/pprof/:key] [github.com/devfeel/dotweb.initPProf]
[debug] 2017-09-11 13:33:44.191858 [group.go:79] Dotweb:Router:RegisterRoute success [GET] [/dotweb/debug/freemem] [github.com/devfeel/dotweb.freeMemory]
[debug] 2017-09-11 13:33:44.191943 [group.go:79] Dotweb:Router:RegisterRoute success [GET] [/dotweb/state] [github.com/devfeel/dotweb.showServerState]
[debug] 2017-09-11 13:33:44.192022 [group.go:79] Dotweb:Router:RegisterRoute success [GET] [/dotweb/query/:key] [github.com/devfeel/dotweb.showQuery]
[debug] 2017-09-11 13:33:44.192109 [dotweb.go:294] Dotweb:ListenAndServe[:8080] begin
[debug] 2017-09-11 15:09:04.929887 [router.go:385] Dotweb:Router:RegisterRoute success [GET] [/del] [yulibaozi/controllers.(*UserController).Delete-fm]
[debug] 2017-09-11 15:09:04.930474 [router.go:385] Dotweb:Router:RegisterRoute success [GET] [/get] [yulibaozi/controllers.(*UserController).GetOne-fm]
[debug] 2017-09-11 15:09:04.930678 [router.go:385] Dotweb:Router:RegisterRoute success [GET] [/fileget] [yulibaozi/controllers.(*FileController).Show-fm]
[debug] 2017-09-11 15:09:04.930897 [router.go:412] Dotweb:Router:RegisterRoute success [POST] [/filepost] [yulibaozi/controllers.(*FileController).Insert-fm]
[debug] 2017-09-11 15:09:04.931044 [group.go:79] Dotweb:Router:RegisterRoute success [GET] [/dotweb/debug/pprof/:key] [github.com/devfeel/dotweb.initPProf]
[debug] 2017-09-11 15:09:04.931243 [group.go:79] Dotweb:Router:RegisterRoute success [GET] [/dotweb/debug/freemem] [github.com/devfeel/dotweb.freeMemory]
[debug] 2017-09-11 15:09:04.93151 [group.go:79] Dotweb:Router:RegisterRoute success [GET] [/dotweb/state] [github.com/devfeel/dotweb.showServerState]
[debug] 2017-09-11 15:09:04.931627 [group.go:79] Dotweb:Router:RegisterRoute success [GET] [/dotweb/query/:key] [github.com/devfeel/dotweb.showQuery]
[debug] 2017-09-11 15:09:04.931812 [dotweb.go:294] Dotweb:ListenAndServe[:8080] begin
